<?xml version="1.0" encoding="UTF-8"?>
<!-- Generated by org.testng.reporters.JUnitReportReporter -->
<testsuite skipped="0" hostname="DESKTOP-0GF70LN" name="com.RestAssuredBDDProject.Tests.LatestApiForForeignExchangeRate" tests="6" failures="0" timestamp="01 Dec 2020 15:43:31 GMT" time="7.858" errors="0">
  <testcase name="getLatestExchangeRates" time="4.005" classname="com.RestAssuredBDDProject.Tests.LatestApiForForeignExchangeRate"/>
  <testcase name="verifyExchangeRateResponseForAP" time="1.528" classname="com.RestAssuredBDDProject.Tests.LatestApiForForeignExchangeRate"/>
  <testcase name="verifyExchangeRateWithInvalidURL" time="0.671" classname="com.RestAssuredBDDProject.Tests.LatestApiForForeignExchangeRate"/>
  <testcase name="verifyExchangeRateWithPreviousDate" time="0.722" classname="com.RestAssuredBDDProject.Tests.LatestApiForForeignExchangeRate"/>
  <testcase name="verifyExchangeRateResponseForFutureDate" time="0.614" classname="com.RestAssuredBDDProject.Tests.LatestApiForForeignExchangeRate"/>
  <testcase name="verifyExchangeRateForSpecificDate" time="0.318" classname="com.RestAssuredBDDProject.Tests.LatestApiForForeignExchangeRate"/>
</testsuite> <!-- com.RestAssuredBDDProject.Tests.LatestApiForForeignExchangeRate -->
